<?xml version="1.0" encoding="UTF-8"?>
<!-- Generated by org.testng.reporters.JUnitReportReporter -->
<testsuite hostname="user-ThinkPad-E470" name="testScripts.TS002_NewOrderwithoutAddOn" tests="2" failures="0" timestamp="31 Oct 2017 10:08:51 GMT" time="13.287" errors="0">
  <testcase name="VerifyLogin" time="2.556" classname="testScripts.TS002_NewOrderwithoutAddOn"/>
  <testcase name="newOrderWithoutAddOn" time="10.731" classname="testScripts.TS002_NewOrderwithoutAddOn"/>
</testsuite> <!-- testScripts.TS002_NewOrderwithoutAddOn -->
