<?xml version="1.0" encoding="UTF-8"?>
<!-- Generated by org.testng.reporters.JUnitReportReporter -->
<testsuite hostname="user-ThinkPad-E470" name="testScripts.TS002_NewOrderwithoutAddOn" tests="2" failures="0" timestamp="2 Nov 2017 08:41:15 GMT" time="82.889" errors="0">
  <testcase name="VerifyLogin" time="1.712" classname="testScripts.TS002_NewOrderwithoutAddOn"/>
  <testcase name="newOrderWithoutAddOn" time="81.177" classname="testScripts.TS002_NewOrderwithoutAddOn"/>
</testsuite> <!-- testScripts.TS002_NewOrderwithoutAddOn -->
