<?xml version="1.0" encoding="UTF-8"?>
<!-- Generated by org.testng.reporters.JUnitReportReporter -->
<testsuite hostname="user-ThinkPad-E470" name="testScripts.TS002_NewOrderwithoutAddOn" tests="2" failures="0" timestamp="1 Nov 2017 06:59:12 GMT" time="58.251" errors="0">
  <testcase name="VerifyLogin" time="0.720" classname="testScripts.TS002_NewOrderwithoutAddOn"/>
  <testcase name="newOrderWithoutAddOn" time="57.531" classname="testScripts.TS002_NewOrderwithoutAddOn"/>
</testsuite> <!-- testScripts.TS002_NewOrderwithoutAddOn -->
