<?xml version="1.0" encoding="UTF-8"?>
<!-- Generated by org.testng.reporters.JUnitReportReporter -->
<testsuite hostname="user-ThinkPad-E470" name="testScripts.TS002_NewOrderwithoutAddOn" tests="2" failures="0" timestamp="1 Nov 2017 10:40:55 GMT" time="60.711" errors="0">
  <testcase name="VerifyLogin" time="0.851" classname="testScripts.TS002_NewOrderwithoutAddOn"/>
  <testcase name="newOrderWithoutAddOn" time="59.860" classname="testScripts.TS002_NewOrderwithoutAddOn"/>
</testsuite> <!-- testScripts.TS002_NewOrderwithoutAddOn -->
