<?xml version="1.0" encoding="UTF-8"?>
<!-- Generated by org.testng.reporters.JUnitReportReporter -->
<testsuite hostname="user-ThinkPad-E470" name="testScripts.TS001_LoginExistingCustomer" tests="3" failures="0" timestamp="1 Nov 2017 13:30:19 GMT" time="2.181" errors="0">
  <testcase name="verifyTitle" time="0.010" classname="testScripts.TS001_LoginExistingCustomer"/>
  <testcase name="testLogin" time="1.991" classname="testScripts.TS001_LoginExistingCustomer"/>
  <testcase name="verifyLogoIsPresent" time="0.180" classname="testScripts.TS001_LoginExistingCustomer"/>
</testsuite> <!-- testScripts.TS001_LoginExistingCustomer -->
