<?xml version="1.0" encoding="UTF-8"?>
<!-- Generated by org.testng.reporters.JUnitReportReporter -->
<testsuite hostname="user-ThinkPad-E470" name="testScripts.TS001_LoginExistingCustomer" tests="3" failures="0" timestamp="31 Oct 2017 06:06:28 GMT" time="1.407" errors="0">
  <testcase name="verifyTitle" time="0.011" classname="testScripts.TS001_LoginExistingCustomer"/>
  <testcase name="testLogin" time="1.106" classname="testScripts.TS001_LoginExistingCustomer"/>
  <testcase name="verifyLogoIsPresent" time="0.290" classname="testScripts.TS001_LoginExistingCustomer"/>
</testsuite> <!-- testScripts.TS001_LoginExistingCustomer -->
